2023-09-15T12:02:12.503Z: Script finished
2023-09-15T12:02:12.505Z: Script started
2023-09-15T12:02:12.730Z: BearerToken Created: PdU6GnW78NVwwilIT2Xh36IQYjA1lHY3O_-0RyNPSusHGivRnOorS2vPNgh_Gzq29OrsYSvZHBpJRZpUugJJULTzmnofnsH1y6kye_BSKgxtTz7lbtXKzejKRQlefB0ShunjtDF74NWiBJRTxGfryLjsBbKekIRDDBlTkZr6ggOxJNlGHN-PSUw4Bg7JEAMpNtCduYa0TaUzVfT1aZayJYNlMZZ-plrhgS98cnynJ6ZK0TsQG-4ihv-7DNroaou0CfCwhmnqHgPxcn8DqH_amLCYyLwM9MaQYExP6Nhzqx4Q6OXnQ_Y4qgmapS01buebOQ-_4AGve1jFTByLyg3M2CUdKDw
2023-09-15T12:02:12.815Z: Data for table 'ContactDetailsFact' has been posted.
2023-09-15T12:02:12.819Z: Response Data : [object Object]
2023-09-15T12:02:13.206Z: GetContactDetailsFact API response does not contain valid data.
2023-09-15T12:02:13.208Z: Script finished
2023-09-15T12:02:13.207Z: Data from all API endpoints has been saved to the database.
2023-09-15T12:06:26.007Z: Script finished
2023-09-15T12:06:26.010Z: Script started
2023-09-15T12:06:26.158Z: BearerToken Created: W4w7OojFTUINqaqe1D6RWBC7LLUpaeGkRXFH3mOo2lGpKzNWKC_QHDTZG0iPddvyOSXLrtBJCrnrLBQWLixeYKBwEQ83mb92UOPGFUrz15KjADhGQiMba3xTZZLhDHCDF8DEeQKWS9jnsb03m_FSpRAWVDZ6cQ0FBgoOW_o8hohBIhO5RK3Sk8Hhlt0w8LPodYH0Y2e4MO85PIG3o9YcZmIBvaQV1EXidQl6Fjxn6fiYAzraM-cgyiMlKZ7h5jsEg7dbTcZQs-DHpilNcbQx6fMsnNIB_o0bVPlVJ8iW2RjngQ8NpGWpfPO63Cuf_t4dz3lVamhK-v8Ww0jNfBfK43dICvM
2023-09-15T12:06:26.246Z: Data for table 'ContactDetailsFact' has been posted.
2023-09-15T12:06:26.250Z: Response Data : [object Object]
2023-09-15T12:06:26.624Z: GetContactDetailsFact API response does not contain valid data.
2023-09-15T12:06:26.626Z: Script finished
2023-09-15T12:06:26.626Z: Data from all API endpoints has been saved to the database.
2023-09-15T12:09:41.337Z: Script finished
2023-09-15T12:09:41.339Z: Script started
2023-09-15T12:09:41.581Z: BearerToken Created: GQrW275RsJ3RWn9dEIjslMZyGcIBkrduDyNc96JQ8ypqOyDPqhhyKxoBnv8okNoQyFF4XvAmDYb1glFIkjxeo8YskwdIOWB6vFgV6BA8kTlxTGahpU8Nb1kav017ky4tOf0h4Z4DQlNVGxsrN_QChg-rHpcpN5udp5-Z03qYFsEbhxkcx7OwtEE9ZYSmU_igFJiNC8e6sd8VprdxFLtjxQgjOFaEnQzbqiCY9HbMeIMVXC6hsYKW39-2Vg9IYWP_Ok00qSihtJO0w8qZuLwrJoi9b7bVvkU5D5NdQKq2bHu7dA1zy_37a4kR-tKzvtonBVhfpDHbHEZnncE8-uQjEhzolkc
2023-09-15T12:09:41.671Z: Data for table 'ContactDetailsFact' has been posted.
2023-09-15T12:09:41.674Z: Response Data : [object Object]
2023-09-15T12:09:42.095Z: GetContactDetailsFact API response does not contain valid data.
2023-09-15T12:09:42.096Z: Data from all API endpoints has been saved to the database.
2023-09-15T12:09:42.096Z: Script finished
2023-09-15T12:09:52.249Z: Script finished
2023-09-15T12:10:26.896Z: Script finished
2023-09-15T12:11:16.907Z: Script finished
2023-09-15T12:11:16.910Z: Script started
2023-09-15T12:11:17.057Z: BearerToken Created: dxzahl4WV6BGR6qJTDYegxQ6ctncDY3Mf27OmmZ07XwlKVIXMUNYsL6HMIaGCDsaEx5BOEbZrlP6UJ_fgyDl4VOojM5axycxpl2wACtCm827LWJkGTF2rMmQK3-2ZbZIbtcLSvNGZReMAChLovpiezOg9RlVlKfQL85Yb4XUYQFkew0A4HLODl2i0IyG09npbPc1Eid0xmVH3ENGA41EX1IN51YSH8ycukVqPURbQ-9RjW1UcinibcsCf2_rvSnYYxVi_XT9mVQi-GPVVjWLw44yMRaALn0uXHIOSgYUNpDIAjE7enrdV00WLjDK3LhLhoYB67MwQPDlZB1i5MTZH1qBo0Q
2023-09-15T12:11:17.134Z: Data for table 'ContactDetailsFact' has been posted.
2023-09-15T12:11:17.136Z: Response Data : [object Object]
2023-09-15T12:11:17.583Z: GetContactDetailsFact API response does not contain valid data.
2023-09-15T12:11:17.584Z: Data from all API endpoints has been saved to the database.
2023-09-15T12:11:17.584Z: Script finished
2023-09-15T12:11:31.838Z: Script finished
2023-09-15T12:11:31.849Z: Script started
2023-09-15T12:11:32.005Z: BearerToken Created: sKPBAiHuBWL01S58V2L6C_EUk0KaNRK0YFgyoFjL4D594n1aPsZqtvkAUZxoP2GSYsggNhT_E1zzTI6lRr3rKtHxfA8uVae6-ocwfk9wfHdGTFgFFk9UIT8m1bRz7iNRWicSfgFQ9Rz1_51RhWbz6wzLuOLgtS1EYyM4_OCar0Q_g4vfF0UUA84yyiXjFEiFLncQeUNMHaz8dpolgCrsamuL6tXk0lLtPyw_RJBble4jS6OUlXUUMQBNBLWoO4xMqg0H4s4cNWhnYI413VT1NZbkAc1bCVk_7EykBBaq-dSx-zicU4JrSdivzqtaCwAUSLWloRJFydgErfdl8nFOav3qmRM
2023-09-15T12:11:32.073Z: Response Data : [object Object]
2023-09-15T12:11:32.070Z: Data for table 'ContactDetailsFact' has been posted.
2023-09-15T12:13:03.412Z: Data from all API endpoints has been saved to the database.
2023-09-15T12:13:03.412Z: Script finished
2023-09-15T12:13:03.410Z: No more data retrieved from the GetContactDetailsFact API.
2023-09-15T12:19:14.971Z: Script finished
2023-09-15T12:19:14.976Z: Script started
2023-09-15T12:19:15.138Z: BearerToken Created: i-KhXXxZi4QxqO9PcyUK8jY0JdDwtwz9P8rcsGg3oSyMrkMjn-zFStNDLuBRxCqh6qqv8e1m18KKikvpIDh2lMejsa1LV-TPLFPE9dUgA7Vod2azOnictYhHZnXcPXAVClNnXgcnt1YAz_1Q9kDjHVT9htByub7IqfTNBipRtZDlYiAfQyzaEt_5SoL5-ffQOCi8bBWthmDZ3Twqn2o7LTkU3DzTZmbqU7Hcsoc2xSVPaYwl6MAVZcabHpv2HIZquut_vthtBTy_1f9_FV0oa2VcpQF-Id_VodH3w_pGlRMIWSmxwCZGW0cHlwnFvic6EU4f0pkXfbHjIyRm050E9SAQVj4
2023-09-15T12:19:15.246Z: Data for table 'BookingsFact' has been posted.
2023-09-15T12:19:15.248Z: Response Data : [object Object]
2023-09-15T12:19:15.303Z: Data for table 'ContactDetailsFact' has been posted.
2023-09-15T12:19:15.303Z: Response Data : [object Object]
2023-09-15T12:19:15.358Z: Response Data : [object Object]
2023-09-15T12:19:15.357Z: Data for table 'TransactionsFact' has been posted.
2023-09-15T12:19:15.415Z: Response Data : [object Object]
2023-09-15T12:19:15.414Z: Data for table 'ContactPreferencesFact' has been posted.
2023-09-15T12:19:15.470Z: Data for table 'ContactsSourcesFact' has been posted.
2023-09-15T12:19:15.471Z: Response Data : [object Object]
2023-09-15T12:19:15.531Z: Data for table 'EmailTrendFact' has been posted.
2023-09-15T12:19:15.532Z: Response Data : [object Object]
2023-09-15T12:19:15.586Z: Data for table 'LoyaltyPointsFact' has been posted.
2023-09-15T12:19:15.587Z: Response Data : [object Object]
2023-09-15T12:19:15.647Z: Data for table 'VisitsFact' has been posted.
2023-09-15T12:19:15.648Z: Response Data : [object Object]
2023-09-15T12:19:17.096Z: Data has been fetched and saved to the BookingsFact Table.
2023-09-15T12:19:19.460Z: Data has been fetched and saved to the BookingsFact Table.
2023-09-15T12:19:20.026Z: Data has been fetched and saved to the BookingsFact Table.
2023-09-15T12:19:20.964Z: Data has been fetched and saved to the BookingsFact Table.
2023-09-15T12:19:21.640Z: Data has been fetched and saved to the BookingsFact Table.
2023-09-15T12:19:24.243Z: Data has been fetched and saved to the BookingsFact Table.
2023-09-15T12:19:24.716Z: Data has been fetched and saved to the BookingsFact Table.
2023-09-15T12:19:25.197Z: Data has been fetched and saved to the BookingsFact Table.
2023-09-15T12:19:26.244Z: Data has been fetched and saved to the BookingsFact Table.
2023-09-15T12:19:26.906Z: Data has been fetched and saved to the BookingsFact Table.
2023-09-15T12:19:27.454Z: Data has been fetched and saved to the BookingsFact Table.
2023-09-15T12:19:27.641Z: No more data retrieved from the GetBookingsFact API.
2023-09-15T12:19:28.126Z: GetContactDetailsFact API response does not contain valid data.
2023-09-15T12:19:34.322Z: Data has been fetched and saved to the TransactionsFact Table.
2023-09-15T12:19:35.638Z: Data has been fetched and saved to the TransactionsFact Table.
2023-09-15T12:19:36.615Z: Data has been fetched and saved to the TransactionsFact Table.
2023-09-15T12:19:37.730Z: Data has been fetched and saved to the TransactionsFact Table.
2023-09-15T12:19:38.711Z: Data has been fetched and saved to the TransactionsFact Table.
2023-09-15T12:19:40.140Z: Data has been fetched and saved to the TransactionsFact Table.
2023-09-15T12:19:41.269Z: Data has been fetched and saved to the TransactionsFact Table.
2023-09-15T12:19:41.945Z: Data has been fetched and saved to the TransactionsFact Table.
2023-09-15T12:19:42.665Z: Data has been fetched and saved to the TransactionsFact Table.
2023-09-15T12:19:43.292Z: Data has been fetched and saved to the TransactionsFact Table.
2023-09-15T12:19:43.870Z: Data has been fetched and saved to the TransactionsFact Table.
2023-09-15T12:19:44.489Z: Data has been fetched and saved to the TransactionsFact Table.
2023-09-15T12:19:45.062Z: Data has been fetched and saved to the TransactionsFact Table.
2023-09-15T12:19:45.660Z: Data has been fetched and saved to the TransactionsFact Table.
2023-09-15T12:19:46.600Z: Data has been fetched and saved to the TransactionsFact Table.
2023-09-15T12:19:47.199Z: Data has been fetched and saved to the TransactionsFact Table.
2023-09-15T12:19:47.796Z: Data has been fetched and saved to the TransactionsFact Table.
2023-09-15T12:19:48.546Z: Data has been fetched and saved to the TransactionsFact Table.
2023-09-15T12:19:49.576Z: Data has been fetched and saved to the TransactionsFact Table.
2023-09-15T12:19:50.547Z: Data has been fetched and saved to the TransactionsFact Table.
2023-09-15T12:19:52.177Z: Data has been fetched and saved to the TransactionsFact Table.
2023-09-15T12:19:52.849Z: Data has been fetched and saved to the TransactionsFact Table.
2023-09-15T12:19:53.989Z: Data has been fetched and saved to the TransactionsFact Table.
2023-09-15T12:19:54.995Z: Data has been fetched and saved to the TransactionsFact Table.
2023-09-15T12:19:55.611Z: Data has been fetched and saved to the TransactionsFact Table.
2023-09-15T12:19:56.339Z: Data has been fetched and saved to the TransactionsFact Table.
2023-09-15T12:19:57.438Z: Data has been fetched and saved to the TransactionsFact Table.
2023-09-15T12:19:58.554Z: Data has been fetched and saved to the TransactionsFact Table.
2023-09-15T12:19:59.484Z: Data has been fetched and saved to the TransactionsFact Table.
2023-09-15T12:20:00.584Z: Data has been fetched and saved to the TransactionsFact Table.
2023-09-15T12:20:01.936Z: Data has been fetched and saved to the TransactionsFact Table.
2023-09-15T12:20:03.425Z: Data has been fetched and saved to the TransactionsFact Table.
2023-09-15T12:20:04.099Z: Data has been fetched and saved to the TransactionsFact Table.
2023-09-15T12:20:05.028Z: Data has been fetched and saved to the TransactionsFact Table.
2023-09-15T12:20:05.736Z: Data has been fetched and saved to the TransactionsFact Table.
2023-09-15T12:20:07.930Z: Data has been fetched and saved to the TransactionsFact Table.
2023-09-15T12:20:08.899Z: Data has been fetched and saved to the TransactionsFact Table.
2023-09-15T12:20:09.499Z: Data has been fetched and saved to the TransactionsFact Table.
2023-09-15T12:20:10.368Z: Data has been fetched and saved to the TransactionsFact Table.
2023-09-15T12:20:10.977Z: Data has been fetched and saved to the TransactionsFact Table.
2023-09-15T12:20:11.555Z: Data has been fetched and saved to the TransactionsFact Table.
2023-09-15T12:20:12.968Z: Data has been fetched and saved to the TransactionsFact Table.
2023-09-15T12:20:13.991Z: Data has been fetched and saved to the TransactionsFact Table.
2023-09-15T12:20:16.275Z: Data has been fetched and saved to the TransactionsFact Table.
2023-09-15T12:20:18.493Z: Data has been fetched and saved to the TransactionsFact Table.
2023-09-15T12:20:19.082Z: Data has been fetched and saved to the TransactionsFact Table.
2023-09-15T12:20:19.699Z: Data has been fetched and saved to the TransactionsFact Table.
2023-09-15T12:20:20.363Z: Data has been fetched and saved to the TransactionsFact Table.
2023-09-15T12:20:21.348Z: Data has been fetched and saved to the TransactionsFact Table.
2023-09-15T12:20:22.333Z: Data has been fetched and saved to the TransactionsFact Table.
2023-09-15T12:20:22.931Z: Data has been fetched and saved to the TransactionsFact Table.
2023-09-15T12:20:23.986Z: Data has been fetched and saved to the TransactionsFact Table.
2023-09-15T12:20:24.719Z: Data has been fetched and saved to the TransactionsFact Table.
2023-09-15T12:20:25.616Z: Data has been fetched and saved to the TransactionsFact Table.
2023-09-15T12:20:25.770Z: No more data retrieved from the GetTransactionsFact API.
2023-09-15T12:20:29.501Z: Data has been fetched and saved to the ContactPreferencesFact Table.
2023-09-15T12:20:31.251Z: Data has been fetched and saved to the ContactPreferencesFact Table.
2023-09-15T12:20:33.411Z: Data has been fetched and saved to the ContactPreferencesFact Table.
2023-09-15T12:20:34.808Z: Data has been fetched and saved to the ContactPreferencesFact Table.
2023-09-15T12:20:36.843Z: Data has been fetched and saved to the ContactPreferencesFact Table.
2023-09-15T12:20:38.128Z: Data has been fetched and saved to the ContactPreferencesFact Table.
2023-09-15T12:20:38.805Z: Data has been fetched and saved to the ContactPreferencesFact Table.
2023-09-15T12:20:39.471Z: Data has been fetched and saved to the ContactPreferencesFact Table.
2023-09-15T12:20:40.224Z: Data has been fetched and saved to the ContactPreferencesFact Table.
2023-09-15T12:20:41.431Z: Data has been fetched and saved to the ContactPreferencesFact Table.
2023-09-15T12:20:43.739Z: Data has been fetched and saved to the ContactPreferencesFact Table.
2023-09-15T12:20:44.745Z: Data has been fetched and saved to the ContactPreferencesFact Table.
2023-09-15T12:20:45.756Z: Data has been fetched and saved to the ContactPreferencesFact Table.
2023-09-15T12:20:46.705Z: Data has been fetched and saved to the ContactPreferencesFact Table.
2023-09-15T12:20:47.707Z: Data has been fetched and saved to the ContactPreferencesFact Table.
2023-09-15T12:20:48.833Z: Data has been fetched and saved to the ContactPreferencesFact Table.
2023-09-15T12:20:49.118Z: Data has been fetched and saved to the ContactPreferencesFact Table.
2023-09-15T12:20:49.283Z: No more data retrieved from the GetContactPreferencesFact API.
2023-09-15T12:20:51.109Z: Data has been fetched and saved to the ContactSourcesFact Table.
2023-09-15T12:20:51.814Z: Data has been fetched and saved to the ContactSourcesFact Table.
2023-09-15T12:20:52.235Z: Data has been fetched and saved to the ContactSourcesFact Table.
2023-09-15T12:20:52.871Z: Data has been fetched and saved to the ContactSourcesFact Table.
2023-09-15T12:20:53.527Z: Data has been fetched and saved to the ContactSourcesFact Table.
2023-09-15T12:20:54.436Z: Data has been fetched and saved to the ContactSourcesFact Table.
2023-09-15T12:20:55.267Z: Data has been fetched and saved to the ContactSourcesFact Table.
2023-09-15T12:20:55.857Z: Data has been fetched and saved to the ContactSourcesFact Table.
2023-09-15T12:20:56.508Z: Data has been fetched and saved to the ContactSourcesFact Table.
2023-09-15T12:20:57.775Z: Data has been fetched and saved to the ContactSourcesFact Table.
2023-09-15T12:20:58.467Z: Data has been fetched and saved to the ContactSourcesFact Table.
2023-09-15T12:20:58.874Z: Data has been fetched and saved to the ContactSourcesFact Table.
2023-09-15T12:20:58.984Z: No more data retrieved from the GetContactSourcesFact API.
2023-09-15T12:21:06.757Z: Data has been fetched and saved to the EmailTrendFact Table.
2023-09-15T12:21:09.201Z: Data has been fetched and saved to the EmailTrendFact Table.
2023-09-15T12:21:12.056Z: Data has been fetched and saved to the EmailTrendFact Table.
2023-09-15T12:21:16.123Z: Data has been fetched and saved to the EmailTrendFact Table.
2023-09-15T12:21:20.250Z: Data has been fetched and saved to the EmailTrendFact Table.
2023-09-15T12:21:21.789Z: Data has been fetched and saved to the EmailTrendFact Table.
2023-09-15T12:21:24.168Z: Data has been fetched and saved to the EmailTrendFact Table.
2023-09-15T12:21:27.103Z: Data has been fetched and saved to the EmailTrendFact Table.
2023-09-15T12:21:30.091Z: Data has been fetched and saved to the EmailTrendFact Table.
2023-09-15T12:21:32.976Z: Data has been fetched and saved to the EmailTrendFact Table.
2023-09-15T12:21:35.311Z: Data has been fetched and saved to the EmailTrendFact Table.
2023-09-15T12:21:41.701Z: Data has been fetched and saved to the EmailTrendFact Table.
2023-09-15T12:21:44.077Z: Data has been fetched and saved to the EmailTrendFact Table.
2023-09-15T12:21:47.559Z: Data has been fetched and saved to the EmailTrendFact Table.
2023-09-15T12:21:50.383Z: Data has been fetched and saved to the EmailTrendFact Table.
2023-09-15T12:21:53.536Z: Data has been fetched and saved to the EmailTrendFact Table.
2023-09-15T12:21:56.512Z: Data has been fetched and saved to the EmailTrendFact Table.
2023-09-15T12:21:58.136Z: Data has been fetched and saved to the EmailTrendFact Table.
2023-09-15T12:22:02.160Z: Data has been fetched and saved to the EmailTrendFact Table.
2023-09-15T12:22:03.792Z: Data has been fetched and saved to the EmailTrendFact Table.
2023-09-15T12:22:06.284Z: Data has been fetched and saved to the EmailTrendFact Table.
2023-09-15T12:22:08.121Z: Data has been fetched and saved to the EmailTrendFact Table.
2023-09-15T12:22:11.819Z: Data has been fetched and saved to the EmailTrendFact Table.
2023-09-15T12:22:15.333Z: Data has been fetched and saved to the EmailTrendFact Table.
2023-09-15T12:22:17.418Z: Data has been fetched and saved to the EmailTrendFact Table.
2023-09-15T12:22:20.075Z: Data has been fetched and saved to the EmailTrendFact Table.
2023-09-15T12:22:23.346Z: Data has been fetched and saved to the EmailTrendFact Table.
2023-09-15T12:22:24.987Z: Data has been fetched and saved to the EmailTrendFact Table.
2023-09-15T12:22:26.641Z: Data has been fetched and saved to the EmailTrendFact Table.
2023-09-15T12:22:29.281Z: Data has been fetched and saved to the EmailTrendFact Table.
2023-09-15T12:22:33.382Z: Data has been fetched and saved to the EmailTrendFact Table.
2023-09-15T12:22:34.896Z: Data has been fetched and saved to the EmailTrendFact Table.
2023-09-15T12:22:38.150Z: Data has been fetched and saved to the EmailTrendFact Table.
2023-09-15T12:22:40.292Z: Data has been fetched and saved to the EmailTrendFact Table.
2023-09-15T12:22:43.149Z: Data has been fetched and saved to the EmailTrendFact Table.
2023-09-15T12:22:45.765Z: Data has been fetched and saved to the EmailTrendFact Table.
2023-09-15T12:22:47.009Z: Data has been fetched and saved to the EmailTrendFact Table.
2023-09-15T12:22:48.350Z: Data has been fetched and saved to the EmailTrendFact Table.
2023-09-15T12:22:50.032Z: Data has been fetched and saved to the EmailTrendFact Table.
2023-09-15T12:22:51.772Z: Data has been fetched and saved to the EmailTrendFact Table.
2023-09-15T12:22:54.104Z: Data has been fetched and saved to the EmailTrendFact Table.
2023-09-15T12:22:58.285Z: Data has been fetched and saved to the EmailTrendFact Table.
2023-09-15T12:23:00.034Z: Data has been fetched and saved to the EmailTrendFact Table.
2023-09-15T12:23:01.249Z: Data has been fetched and saved to the EmailTrendFact Table.
2023-09-15T12:23:02.732Z: Data has been fetched and saved to the EmailTrendFact Table.
2023-09-15T12:23:05.679Z: Data has been fetched and saved to the EmailTrendFact Table.
2023-09-15T12:23:08.244Z: Data has been fetched and saved to the EmailTrendFact Table.
2023-09-15T12:23:12.267Z: Data has been fetched and saved to the EmailTrendFact Table.
2023-09-15T12:23:14.355Z: Data has been fetched and saved to the EmailTrendFact Table.
2023-09-15T12:23:15.496Z: Data has been fetched and saved to the EmailTrendFact Table.
2023-09-15T12:23:17.686Z: Data has been fetched and saved to the EmailTrendFact Table.
2023-09-15T12:23:18.756Z: Data has been fetched and saved to the EmailTrendFact Table.
2023-09-15T12:23:21.326Z: Data has been fetched and saved to the EmailTrendFact Table.
2023-09-15T12:23:23.741Z: Data has been fetched and saved to the EmailTrendFact Table.
2023-09-15T12:23:25.418Z: Data has been fetched and saved to the EmailTrendFact Table.
2023-09-15T12:23:27.687Z: Data has been fetched and saved to the EmailTrendFact Table.
2023-09-15T12:23:30.309Z: Data has been fetched and saved to the EmailTrendFact Table.
2023-09-15T12:23:31.505Z: Data has been fetched and saved to the EmailTrendFact Table.
2023-09-15T12:23:33.738Z: Data has been fetched and saved to the EmailTrendFact Table.
2023-09-15T12:23:36.139Z: Data has been fetched and saved to the EmailTrendFact Table.
2023-09-15T12:23:38.029Z: Data has been fetched and saved to the EmailTrendFact Table.
2023-09-15T12:23:40.278Z: Data has been fetched and saved to the EmailTrendFact Table.
2023-09-15T12:23:45.454Z: Data has been fetched and saved to the EmailTrendFact Table.
2023-09-15T12:23:47.803Z: Data has been fetched and saved to the EmailTrendFact Table.
2023-09-15T12:23:50.443Z: Data has been fetched and saved to the EmailTrendFact Table.
2023-09-15T12:23:53.561Z: Data has been fetched and saved to the EmailTrendFact Table.
2023-09-15T12:23:56.771Z: Data has been fetched and saved to the EmailTrendFact Table.
2023-09-15T12:23:57.942Z: Data has been fetched and saved to the EmailTrendFact Table.
2023-09-15T12:23:59.621Z: Data has been fetched and saved to the EmailTrendFact Table.
2023-09-15T12:24:02.356Z: Data has been fetched and saved to the EmailTrendFact Table.
2023-09-15T12:24:05.297Z: Data has been fetched and saved to the EmailTrendFact Table.
2023-09-15T12:24:10.379Z: Data has been fetched and saved to the EmailTrendFact Table.
2023-09-15T12:24:13.573Z: Data has been fetched and saved to the EmailTrendFact Table.
2023-09-15T12:24:16.736Z: Data has been fetched and saved to the EmailTrendFact Table.
2023-09-15T12:24:19.447Z: Data has been fetched and saved to the EmailTrendFact Table.
2023-09-15T12:24:22.556Z: Data has been fetched and saved to the EmailTrendFact Table.
2023-09-15T12:24:24.667Z: Data has been fetched and saved to the EmailTrendFact Table.
2023-09-15T12:24:27.046Z: Data has been fetched and saved to the EmailTrendFact Table.
2023-09-15T12:24:29.748Z: Data has been fetched and saved to the EmailTrendFact Table.
2023-09-15T12:24:31.815Z: Data has been fetched and saved to the EmailTrendFact Table.
2023-09-15T12:24:34.229Z: Data has been fetched and saved to the EmailTrendFact Table.
2023-09-15T12:24:38.357Z: Data has been fetched and saved to the EmailTrendFact Table.
2023-09-15T12:24:41.486Z: Data has been fetched and saved to the EmailTrendFact Table.
2023-09-15T12:24:45.579Z: Data has been fetched and saved to the EmailTrendFact Table.
2023-09-15T12:24:49.100Z: Data has been fetched and saved to the EmailTrendFact Table.
2023-09-15T12:24:51.586Z: Data has been fetched and saved to the EmailTrendFact Table.
2023-09-15T12:24:53.835Z: Data has been fetched and saved to the EmailTrendFact Table.
2023-09-15T12:24:58.385Z: Data has been fetched and saved to the EmailTrendFact Table.
2023-09-15T12:25:00.794Z: Data has been fetched and saved to the EmailTrendFact Table.
2023-09-15T12:25:03.183Z: Data has been fetched and saved to the EmailTrendFact Table.
2023-09-15T12:25:06.232Z: Data has been fetched and saved to the EmailTrendFact Table.
2023-09-15T12:25:08.561Z: Data has been fetched and saved to the EmailTrendFact Table.
2023-09-15T12:25:10.468Z: Data has been fetched and saved to the EmailTrendFact Table.
2023-09-15T12:25:12.092Z: Data has been fetched and saved to the EmailTrendFact Table.
2023-09-15T12:25:15.574Z: Data has been fetched and saved to the EmailTrendFact Table.
2023-09-15T12:25:18.242Z: Data has been fetched and saved to the EmailTrendFact Table.
2023-09-15T12:25:20.367Z: Data has been fetched and saved to the EmailTrendFact Table.
2023-09-15T12:25:22.528Z: Data has been fetched and saved to the EmailTrendFact Table.
2023-09-15T12:25:25.678Z: Data has been fetched and saved to the EmailTrendFact Table.
2023-09-15T12:25:28.564Z: Data has been fetched and saved to the EmailTrendFact Table.
2023-09-15T12:25:30.293Z: Data has been fetched and saved to the EmailTrendFact Table.
2023-09-15T12:25:32.680Z: Data has been fetched and saved to the EmailTrendFact Table.
2023-09-15T12:25:36.015Z: Data has been fetched and saved to the EmailTrendFact Table.
2023-09-15T12:25:39.329Z: Data has been fetched and saved to the EmailTrendFact Table.
2023-09-15T12:25:41.165Z: Data has been fetched and saved to the EmailTrendFact Table.
2023-09-15T12:25:43.585Z: Data has been fetched and saved to the EmailTrendFact Table.
2023-09-15T12:25:46.432Z: Data has been fetched and saved to the EmailTrendFact Table.
2023-09-15T12:25:49.263Z: Data has been fetched and saved to the EmailTrendFact Table.
2023-09-15T12:25:51.991Z: Data has been fetched and saved to the EmailTrendFact Table.
2023-09-15T12:25:58.583Z: Data has been fetched and saved to the EmailTrendFact Table.
2023-09-15T12:26:00.890Z: Data has been fetched and saved to the EmailTrendFact Table.
2023-09-15T12:26:03.640Z: Data has been fetched and saved to the EmailTrendFact Table.
2023-09-15T12:26:06.177Z: Data has been fetched and saved to the EmailTrendFact Table.
2023-09-15T12:26:07.461Z: Data has been fetched and saved to the EmailTrendFact Table.
2023-09-15T12:26:09.135Z: Data has been fetched and saved to the EmailTrendFact Table.
2023-09-15T12:26:11.865Z: Data has been fetched and saved to the EmailTrendFact Table.
2023-09-15T12:26:14.253Z: Data has been fetched and saved to the EmailTrendFact Table.
2023-09-15T12:26:16.909Z: Data has been fetched and saved to the EmailTrendFact Table.
2023-09-15T12:26:20.206Z: Data has been fetched and saved to the EmailTrendFact Table.
2023-09-15T12:26:24.802Z: Data has been fetched and saved to the EmailTrendFact Table.
2023-09-15T12:26:27.693Z: Data has been fetched and saved to the EmailTrendFact Table.
2023-09-15T12:26:31.221Z: Data has been fetched and saved to the EmailTrendFact Table.
2023-09-15T12:26:39.361Z: Data has been fetched and saved to the EmailTrendFact Table.
2023-09-15T12:26:44.797Z: Data has been fetched and saved to the EmailTrendFact Table.
2023-09-15T12:26:47.441Z: Data has been fetched and saved to the EmailTrendFact Table.
2023-09-15T12:26:52.561Z: Data has been fetched and saved to the EmailTrendFact Table.
2023-09-15T12:26:56.110Z: Data has been fetched and saved to the EmailTrendFact Table.
2023-09-15T12:26:59.042Z: Data has been fetched and saved to the EmailTrendFact Table.
2023-09-15T12:27:06.324Z: Data has been fetched and saved to the EmailTrendFact Table.
2023-09-15T12:27:09.073Z: Data has been fetched and saved to the EmailTrendFact Table.
2023-09-15T12:27:12.465Z: Data has been fetched and saved to the EmailTrendFact Table.
2023-09-15T12:27:18.049Z: Data has been fetched and saved to the EmailTrendFact Table.
2023-09-15T12:27:21.308Z: Data has been fetched and saved to the EmailTrendFact Table.
2023-09-15T12:27:25.269Z: Data has been fetched and saved to the EmailTrendFact Table.
2023-09-15T12:27:28.531Z: Data has been fetched and saved to the EmailTrendFact Table.
2023-09-15T12:27:31.593Z: Data has been fetched and saved to the EmailTrendFact Table.
2023-09-15T12:27:34.505Z: Data has been fetched and saved to the EmailTrendFact Table.
2023-09-15T12:27:37.015Z: Data has been fetched and saved to the EmailTrendFact Table.
2023-09-15T12:27:40.505Z: Data has been fetched and saved to the EmailTrendFact Table.
2023-09-15T12:27:43.092Z: Data has been fetched and saved to the EmailTrendFact Table.
2023-09-15T12:27:50.599Z: Data has been fetched and saved to the EmailTrendFact Table.
2023-09-15T12:27:53.217Z: Data has been fetched and saved to the EmailTrendFact Table.
2023-09-15T12:27:59.368Z: Data has been fetched and saved to the EmailTrendFact Table.
2023-09-15T12:27:59.820Z: No more data retrieved from the GetEmailTrendFact API.
2023-09-15T12:28:00.028Z: Data has been fetched and saved to the LoyaltyPointsFact Table.
2023-09-15T12:28:00.111Z: No more data retrieved from the GetLoyaltyPointsFact API.
2023-09-15T12:28:00.693Z: Data has been fetched and saved to the VisitsFact Table.
2023-09-15T12:28:01.073Z: Data has been fetched and saved to the VisitsFact Table.
2023-09-15T12:28:01.282Z: No more data retrieved from the GetVisitsFact API.
2023-09-15T12:28:01.283Z: Data from all API endpoints has been saved to the database.
2023-09-15T12:28:01.283Z: Script finished
