2023-09-15T10:23:59.054Z: Script finished/n2023-09-15T10:23:59.054Z: Processing data.../n2023-09-15T10:23:59.053Z: Script started/n2023-09-15T10:26:14.047Z: Script started
2023-09-15T10:26:14.048Z: Processing data...
2023-09-15T10:26:14.049Z: Script finished
2023-09-15T10:34:20.239Z: Script finished
2023-09-15T10:34:20.242Z: Script started
2023-09-15T10:34:20.435Z: BearerToken : d2XNPSEKRFDk5CQSaprfOjXl6LZ-GoPfzgMlLTGt0870-TMC6QvkU7-EzfBQ3GtWe8vmZHwhWnQRNf06ltHMJXVnuPNTwQz7L-iyQvRELVWqZDfcLAz-ru5-Qm8V98EOBxtokgnR-8TKkf-ZvFdl9WKQ9f52k9kxbG64Cl6TYHqIondi1jXJ-m1QKVZRE6LtX7VeCnwqUUmzxzczqg74NsO9AckL2tAxv0dyK687bYzCi_dXr7itzBbIOxemruG6dzdNL8317KGaPUwbGsjKed3yL8dko2p8XA-UIN1HHrkyrP2_gKHuvTfRpw654630bvcKo7MuPeaMI-_ZJHkrnYfUiPs
2023-09-15T10:40:29.170Z: Script finished
2023-09-15T10:40:29.174Z: Script started
2023-09-15T10:40:29.320Z: BearerToken : StopOA090FcfFJ3BUWDlBnJVmAXvUELKwfeVIvg6109pNZqJ-yfsd3yDyKZBcNhjaN3Ry1ireMJc214NmydcHeGvINDC280N4pQhMOr6gIgmyiktLsWbW1FiSPy2gt9TXXNTEBQ2EgUDZE6xYShpdg7-955mFnVtZW1-gN_VDocVFbDuUH39tlt_LfQVc2ZODHMcwpRI1LTVIg7tc8TvorPBesjWChlU6hnOQvvnVaEh1yCNHPpwF3OJ5_GivT9uQ7kWZdpmLjW_Msk5jE3Vy-w5oVDGR_xb9cOjL8rBGhhqk4kvZQGqeWbf4gmio4_k-Miw3HeuBPCjSlcs8B7zpjXZatg
2023-09-15T10:41:04.984Z: Script finished
2023-09-15T10:41:04.986Z: Script started
2023-09-15T10:41:05.128Z: BearerToken : MmvLnD5ehcQo--qRaPw2E-7pCXEXocieleKK-xhg34MBVin9-amQY_BqRGqHRxh8V45xCoNoz9FgAmpzsar2ydusJWk9DRdCC8VawKJJwIKAM_jsV0IQvI2PdORNa9Ek1i_MPvKoSBZtBahU__6w7fCr0IxQ2L0atQErqt9HpnX6BS-DNk373WFDUSv6v6Qgz_IiY1XaG2H5qhhbxP8MiyWExe_I2AOFX8OogZUUahBYsAHcPfQDngdRlsNvLeqPc0dglNu5CeFWFRGLKcpYuv_TniJPaicow3SfwzC-HNkHTBXqIcYb8got18XlV_qfHNbOHtNODPYJFkMNmKr9hDGIY9M
2023-09-15T10:41:05.262Z: Data for table 'LoyaltyPointsFact' has been posted.
2023-09-15T10:41:05.264Z: Response Data : [object Object]
2023-09-15T10:41:05.335Z: Data for table 'VisitsFact' has been posted.
2023-09-15T10:41:05.336Z: Response Data : [object Object]
2023-09-15T10:41:05.428Z: Data for table 'BookingsFact' has been posted.
2023-09-15T10:41:05.429Z: Response Data : [object Object]
2023-09-15T10:51:48.003Z: Script finished
2023-09-15T10:51:48.005Z: Script started
2023-09-15T10:51:48.228Z: BearerToken Created: 46RxsZvE6-raTgvhRnGHxpOni0kKVBdXac1_DnFBboV47ik0cIjVfFC89T2mB5OUhmUxd4KmnoCNku4LnZQJksCe7pwftqiyEtueB46wzT7BewTbGryHNdXSyKLxcC-w4zHY-lAFQAy6oSik67lFDj7tCXaWy0eJVpt-x4cQfq07Z0aLBjOumP-XOU4mi5giQv_2vEzYcMx6TdIj6T5j9ymfpFr_cjS48fc5cGLf6htcfDGiiJlPw3_uncjgPcZs6Jylps4WGOhwtSbwX6X3fgZU1G7xage9cv3iajuDkAcAdEocvivTd90vMUy1AFSHXduubJ32f-xs1SVd2HDhwGmJrWQ
2023-09-15T10:51:48.363Z: No more data retrieved from the API.
2023-09-15T10:51:48.504Z: No more data retrieved from the API.
2023-09-15T10:51:48.588Z: Data for table 'LoyaltyPointsFact' has been posted.
2023-09-15T10:51:48.591Z: Response Data : [object Object]
2023-09-15T10:51:48.648Z: Data for table 'VisitsFact' has been posted.
2023-09-15T10:51:48.649Z: Response Data : [object Object]
2023-09-15T10:51:48.707Z: Data for table 'BookingsFact' has been posted.
2023-09-15T10:51:48.708Z: Response Data : [object Object]
2023-09-15T10:52:02.524Z: Script finished
2023-09-15T10:52:02.527Z: Script started
2023-09-15T10:52:02.666Z: BearerToken Created: 0sxzPYJJotJ4BRFeXN4qTDfqeGS_fuTzmKUG61oiOYC2D-r4cIpZEgrS-rlPo8S4jgWbxwzTHRA7VI6iPZRzmbZT-e6QFih1Bwggta3X6liMhaGw01XaHvpQ-EEEfR68cVSex11GkXPoVQX_LNFzd3DgVY7JBDkt9RJj9p_zxJUBC6-ostHw8RvO8GcSjToo3mb6KYeTbahc2RThuSRjYK9f-IKFrlVJN-FJQMLOYLtfcbCxTJnudyQLCIl8QhL5BT8JD7nrZ18RVe3AUiXhozGXjYHCfqTGtH6w0C77fetneB2svfE19ert4gm8G-Px8g60eUWptmqwVDygcEn3xGCaq-s
2023-09-15T10:52:02.802Z: Data for table 'LoyaltyPointsFact' has been posted.
2023-09-15T10:52:02.804Z: Response Data : [object Object]
2023-09-15T10:52:02.868Z: Data for table 'VisitsFact' has been posted.
2023-09-15T10:52:02.869Z: Response Data : [object Object]
2023-09-15T10:52:02.951Z: Data for table 'BookingsFact' has been posted.
2023-09-15T10:52:02.952Z: Response Data : [object Object]
2023-09-15T10:52:02.998Z: Data has been fetched and saved to the LoyaltyPointsFact Table.
2023-09-15T10:52:03.061Z: No more data retrieved from the API.
2023-09-15T10:52:03.866Z: Data has been fetched and saved to the VisitsFact Table.
2023-09-15T10:52:04.702Z: Data has been fetched and saved to the VisitsFact Table.
2023-09-15T10:52:04.941Z: No more data retrieved from the API.
2023-09-15T10:57:45.568Z: Script finished
2023-09-15T10:57:45.571Z: Script started
2023-09-15T10:57:45.792Z: BearerToken Created: Plv3kjDxVqlvhK-R7Wi8AJjLC3mj9-Xv1TIsmcXxpv1rZ5FlCVsZ2BwAzCFPoyxOKb92iK9IHMB7BVU06rAxk2dsy0-o62V_0YZFccbT1FKTQVFoLONsJ9Y_Sd5176a61rw6tPPqci2lzqxyd915douY8t3w951q6NnHOCb5RrQpjyHyy4xOcctnYSPikWcArXTFDZP1RBvq8GPoyxjpLa4g90y7QHD52NlPMe53MG974QY4g45DzFDsjFN33ys9bB_g_LebH2lix8Zx9yyhHC5qN4B3SKFFWEqoLWwgnytzxYSzCFljFfgnne5H57MuNQagu905m2GBgbix0vrSFPZyPYY
2023-09-15T10:57:46.088Z: Error posting data for table LoyaltyPointsFact : AxiosError: Request failed with status code 401
2023-09-15T10:57:46.208Z: Error posting data for table VisitsFact : AxiosError: Request failed with status code 401
2023-09-15T10:57:46.299Z: Error posting data for table BookingsFact : AxiosError: Request failed with status code 401
2023-09-15T10:59:54.384Z: Script finished
2023-09-15T10:59:54.387Z: Script started
2023-09-15T10:59:54.584Z: BearerToken Created: 6p1KAlJvALdEnYodAngz_LVNhveU05NA1aY5tG7YcyjZwuj2of-yFXUUueQ15Mejr28Ig6hJoY-q-KEXBZsKUSg66etiGO1vp_MygRJxDrG-3iXnnM8KMP748bJmfbmk2J9V6p14TZPDsiXC79blTar_MhgVyOLzyUoUy0mDGlvCyIHkFuc53ja_W24gT1E9sewzBeGUYcJmcatMvYtB1rbBDuHiOiq_9MxRDhuw33kb9n4NewH9ukB0DZEKtDZDu7pBwQWz-6HBHoFUwpi8ksarQN-Xhxmk5VBH8f1RbdmdTUCXLllnToDZT-2jo0VDPfUGB3Ob6KIh-2dtuDcnHgp4dzk
2023-09-15T10:59:54.708Z: Error posting data for table LoyaltyPointsFact : AxiosError: Request failed with status code 401
2023-09-15T10:59:54.826Z: Error posting data for table VisitsFact : AxiosError: Request failed with status code 401
2023-09-15T10:59:54.913Z: Error posting data for table BookingsFact : AxiosError: Request failed with status code 401
2023-09-15T11:01:25.322Z: Script finished
2023-09-15T11:01:25.325Z: Script started
2023-09-15T11:01:25.519Z: BearerToken Created: RlYXOdKi74eYj6BZ2HtuhSa1kxduqKBqSb7GNR3a6NdcR96Wuy85B0u1Hrx6tljScEJMCysd9PGKK5soeLTfGhAxbkJPc_kvWIgwH1eY9RohzFzpv6wYoNTFgiZ3IcORstGfvloOIMSSLwef3r7qripHgMJ9xHBEQmcrO-ipQ3vzp_nELhwz_piu6TxVfs772uOUUleVntFRCNGp2T_nx9sQR-GMjPoG7P_UjOMdOnnOH5k1cGcfyUbrb_7GifSxhOApj73NVjz0KuGEWq0BmGvvt_zx61CsH8C_h9QwOtvUyE-dSk_PpdIDF37MNlyx4ZVelP86WoWYhWksoldfa_PdCCk
2023-09-15T11:01:25.595Z: Error posting data for table LoyaltyPointsFact : AxiosError: Request failed with status code 401
2023-09-15T11:01:25.736Z: Error posting data for table VisitsFact : AxiosError: Request failed with status code 401
2023-09-15T11:01:25.829Z: Error posting data for table BookingsFact : AxiosError: Request failed with status code 401
2023-09-15T11:01:42.950Z: Script finished
2023-09-15T11:01:42.953Z: Script started
2023-09-15T11:01:43.152Z: BearerToken Created: LKVYkzlVDAEKO8JJgmFTFLRKKo5gwM_D7hHVVMPj9h7wnv77UIGX5i5igh7j3SUM9tmyTPbOutPikjsquO-hLPZNsdD6hsF6G9f5dRxrvWZoBeIRqbUSwCNAzxHFCfXjSX2Xj1iFGOqoK3TO1YQ2O0T6bO1VBrXiuGswyTj4Bl-2LqQI-LHj5ysjROItIizA0iozZU_ToA_gxNW1PXrwFnm03M_CKbv9CxYNzZ65B5AXkpWDtKbCUpLwtc00XR3fcXi_pgXmT3lgnXbuhEszrII0JZk4HRLkcFp63sn_Wua9LzqdEIQV7ZWFwLoZkSwzaYrPxQ1_ESjYKNzd__p8ulkGmaA
2023-09-15T11:01:43.217Z: Error posting data for table LoyaltyPointsFact : AxiosError: Request failed with status code 401
2023-09-15T11:01:43.303Z: Error posting data for table VisitsFact : AxiosError: Request failed with status code 401
2023-09-15T11:01:43.388Z: Error posting data for table BookingsFact : AxiosError: Request failed with status code 401
2023-09-15T11:01:56.278Z: Script finished
2023-09-15T11:01:56.281Z: Script started
2023-09-15T11:01:56.432Z: BearerToken Created: so6fc4LJ5AIZ6AEyQyy2KBD-7gRIa29b8_pfW9YWlO5EYbzgUr5jzPYm8BWsbFt3ijy2Vy-1RuZKX06VYtQ_axSqxa67TOyjVWBi1nvVH4RNJ9xZRfiGcy8KkFU8K9mKaGNYvurpaj6aoKEiuVD1Vis0dyLoMcwOq18FBaLwOMBr5kvCaLnj1IPAYvR56I6WxDyHyxnUjUfXy9_4c1YFuaAc5jDuku7hofWRCXyGRBfkOuS2Mcr8Tio2zpUMsPifrbaAvXctXpJC0EDtpnp-SuoN5Oc37YdxnYWR4EqAVGd-lnLvG3G2ks0LrkaQQSlMSaCW9FqBUjgGIWP2-oImvxsZVZU
2023-09-15T11:01:56.619Z: Data for table 'LoyaltyPointsFact' has been posted.
2023-09-15T11:01:56.621Z: Response Data : [object Object]
2023-09-15T11:01:56.706Z: Data for table 'VisitsFact' has been posted.
2023-09-15T11:01:56.707Z: Response Data : [object Object]
2023-09-15T11:01:56.781Z: Data for table 'BookingsFact' has been posted.
2023-09-15T11:01:56.782Z: Response Data : [object Object]
2023-09-15T11:01:56.825Z: Data has been fetched and saved to the LoyaltyPointsFact Table.
2023-09-15T11:01:56.903Z: No more data retrieved from the API.
2023-09-15T11:01:57.914Z: Data has been fetched and saved to the VisitsFact Table.
2023-09-15T11:01:58.536Z: Data has been fetched and saved to the VisitsFact Table.
2023-09-15T11:01:58.673Z: No more data retrieved from the API.
2023-09-15T11:43:52.738Z: Script finished
2023-09-15T11:43:52.741Z: Script started
2023-09-15T11:43:52.916Z: BearerToken Created: 3bumyejfsVcvvXyeSj87v4GzC46Ys_OFSX0cmxVCLVT-9jo8s1daQPJBXLqeAef-uDuZn8C4ZWId1T7oIHxyvRBb5J6TQ5Ri4bEydvpC3WkDsrSYZ7R0Z1OXVEGeF38l4QeUjqSUKjodbPDQaO5V2G9A64bUvrUAmdVb1VMjnF0so68oygi_GQuRpxJjfZQ37_aSMh04c_ee6y9f2ftHYsD8BBqgKNuGxJv6USELT50qFgvkVX_b8PT68F7EovaMVZiuMJr7AIKUzvuEax_sXTB9yUjSZaHClDGt0y7qinyhEhrz-v9FXX0kf9C-IE3ZlZPKREipeXT4CTWhOE11VHBQ9lk
2023-09-15T11:43:53.061Z: Data for table 'LoyaltyPointsFact' has been posted.
2023-09-15T11:43:53.065Z: Response Data : [object Object]
2023-09-15T11:43:53.120Z: Data for table 'VisitsFact' has been posted.
2023-09-15T11:43:53.121Z: Response Data : [object Object]
2023-09-15T11:43:53.179Z: Data for table 'BookingsFact' has been posted.
2023-09-15T11:43:53.180Z: Response Data : [object Object]
2023-09-15T11:43:53.180Z: Script started
2023-09-15T11:43:53.234Z: BearerToken Created: fbHO073Nv0NcKxmfmaGwXkiTyOsDyNtAqQ3u3O56OKgOSHBbilaIwVyGGGCfECMJMdfGyB2oeENzLPy2bSTmJ-ckyILRSMnS_oajsZJqIUUNP42n4Pt3HPwt1vL2YMfNJO-qE17uZxqqCR8jnvYcWjsWTa1Vur9abY-UXWYsFAnA-yLKrYMcXgvHjErtjFitlHiof_n_st6d4M-bbuULRjs16xa0MwmT80gafLSQGUAV7HK_1PhBHZ7_mxJMdF9bxAfq2h7-Jk4unRzYSvYgs7Guf003vj8zLggIPqDrtz4Ok-m4A-a0ceQpa9gkM2OcjglfIq8SroYOZ_YQd9SUssRyti4
2023-09-15T11:43:53.360Z: Response Data : [object Object]
2023-09-15T11:43:53.359Z: Data for table 'LoyaltyPointsFact' has been posted.
2023-09-15T11:43:53.432Z: Data for table 'VisitsFact' has been posted.
2023-09-15T11:43:53.433Z: Response Data : [object Object]
2023-09-15T11:43:53.491Z: Data for table 'BookingsFact' has been posted.
2023-09-15T11:43:53.492Z: Response Data : [object Object]
2023-09-15T11:43:53.529Z: Data has been fetched and saved to the LoyaltyPointsFact Table.
2023-09-15T11:43:53.699Z: No more data retrieved from the API.
2023-09-15T11:43:54.526Z: Data has been fetched and saved to the VisitsFact Table.
2023-09-15T11:43:55.194Z: Data has been fetched and saved to the VisitsFact Table.
2023-09-15T11:43:55.743Z: No more data retrieved from the API.
2023-09-15T11:43:55.744Z: Data from all API endpoints has been saved to the database.
2023-09-15T11:43:55.744Z: Script finished
2023-09-15T11:44:43.873Z: Script finished
2023-09-15T11:44:43.876Z: Script started
2023-09-15T11:44:44.045Z: BearerToken Created: 2ga8-lfj8JCTSQlHJiFCJYM4ithsYqbOqUDZU33GuRDUQSjgHTc9bA36cGPbUHCrhGVmmVJlnrPvxaEeRfUMHRsya5O9_u4BzB20SHxESAeUEOFVo0to_UWo-bh4EedHtTfql_FpP9pc46lHON_MKFYeGD2w_cyS5RxVqrPKucYhHP-e5z53YPxNsM0t-li7ngqjIzTVU9H3Y5euCzWHfb0XaQVyuHcVnVpOj40hn-DGpfALMBlTZxq7ocrmFJwBMStjU7EJaVrfKtkQPR_-y2j0Tf5Y8MLEI7EoSvVMrNLX0myPzVKIXiQOivy13W6vuie0rWOUmhmfGfRUQ95GNRn_Dn4
2023-09-15T11:44:44.115Z: Data for table 'LoyaltyPointsFact' has been posted.
2023-09-15T11:44:44.117Z: Response Data : [object Object]
2023-09-15T11:44:44.174Z: Data for table 'VisitsFact' has been posted.
2023-09-15T11:44:44.175Z: Response Data : [object Object]
2023-09-15T11:44:44.246Z: Data for table 'BookingsFact' has been posted.
2023-09-15T11:44:44.246Z: Response Data : [object Object]
2023-09-15T11:44:44.247Z: Script started
2023-09-15T11:44:44.306Z: BearerToken Created: _Z9_7PEiF_ceTwAhS_prax5CpxE79mp4IqZyfzyoBF9odlaTxvmvo6Vrqg9C3qbcRqbj29AaD8ouPCSsneb9UByebqBth8U8qSV566kxZCKy3bu45bNRedtd6F4b0LteHhkkSoTyr3Jrh2EShQDYduHH69U5saL3qnJAHXD460DjMq3CO-Zw3Ot-S5l6db_sYBr9XqCTo6uSZ5NsEBSDd0HAlmgvFYAZKFQX4w9A5pMFyNLmSVZ7777J0gvxU7vZ1rz56SWvPY0U3nn2o0UXJjmvrjMXr26G_WyhgSszm_Myw3LHLN2GSpHcYjp8M8N-Vwi5l4kfSzs0fWrJduXHsDKDaJ4
2023-09-15T11:44:44.439Z: Data for table 'LoyaltyPointsFact' has been posted.
2023-09-15T11:44:44.440Z: Response Data : [object Object]
2023-09-15T11:44:44.531Z: Data for table 'VisitsFact' has been posted.
2023-09-15T11:44:44.532Z: Response Data : [object Object]
2023-09-15T11:44:44.600Z: Data for table 'BookingsFact' has been posted.
2023-09-15T11:44:44.601Z: Response Data : [object Object]
2023-09-15T11:44:44.654Z: Data has been fetched and saved to the LoyaltyPointsFact Table.
2023-09-15T11:44:44.811Z: No more data retrieved from the API.
2023-09-15T11:44:45.549Z: Data has been fetched and saved to the VisitsFact Table.
2023-09-15T11:44:46.070Z: Data has been fetched and saved to the VisitsFact Table.
2023-09-15T11:44:46.185Z: No more data retrieved from the API.
2023-09-15T11:44:46.186Z: Data from all API endpoints has been saved to the database.
2023-09-15T11:44:46.186Z: Script finished
2023-09-15T11:45:34.377Z: Script finished
2023-09-15T11:45:34.380Z: Script started
2023-09-15T11:45:34.515Z: BearerToken Created: Su5ue4VLw2nhrxJe9tm8XJ7SJiHUISM8Xb0RtTdyESBcfY-lZgTEHkfb1wB2ZJJZ0DppYTK-GRtB6csWmxiEMFuCPFZGvnNkKzE9SQo4R-iZl4KQctjxqd7IUboPXyuXfOg2tKJg56gLXtfJxmdHbArV2i00rpBxqVpLyw-GS75A7TiMhQt17t3t_oL7MH4tO6VIqaOY7hCONSFD9qBh90HoWLwGBY1-AesW7g3Ced2h7LoAoE_L_jsGEOpVfZoWlGJ266umK0jjXS7y8GOM_IUgHXSLgzEYGUgRsfbXH2u6YFTdrRK5je-XyUzX7hRJtETFXbgVNCO8dbS86psDAYLO0ew
2023-09-15T11:45:34.589Z: Data for table 'LoyaltyPointsFact' has been posted.
2023-09-15T11:45:34.592Z: Response Data : [object Object]
2023-09-15T11:45:34.662Z: Data for table 'VisitsFact' has been posted.
2023-09-15T11:45:34.663Z: Response Data : [object Object]
2023-09-15T11:45:34.727Z: Data for table 'BookingsFact' has been posted.
2023-09-15T11:45:34.727Z: Response Data : [object Object]
2023-09-15T11:45:35.024Z: Data has been fetched and saved to the LoyaltyPointsFact Table.
2023-09-15T11:45:35.098Z: No more data retrieved from the API.
2023-09-15T11:45:35.854Z: Data has been fetched and saved to the VisitsFact Table.
2023-09-15T11:45:36.320Z: Data has been fetched and saved to the VisitsFact Table.
2023-09-15T11:45:36.402Z: No more data retrieved from the API.
2023-09-15T11:45:36.403Z: Data from all API endpoints has been saved to the database.
2023-09-15T11:45:36.404Z: Script finished
2023-09-15T11:52:19.399Z: Script finished
2023-09-15T11:52:19.402Z: Script started
2023-09-15T11:52:19.601Z: BearerToken Created: qtb0jmO8hAlYejTGjygTt6pH1QbN-4kuvYJT4A14qyDhFXXnBnGmWyGMpB5sQV_MQiLSr9TPG_qUKyzC2qgWE8Dm7qqxtzIdrZ6JQZhplJIpPr4sR34FN694-4UE8P78WFnGbjeJUsktanrZ_QS4jB3Gdu-SEasZ_fYo69spwvkzhC68AGohU4PvQaXujEXaFnaKRHHFtGIPfiZZ7lzorpfIRAP02U1KsdArGhWkLHGEPtD3WElUHsNhENk42fJiaVuJsE-gWNTpfPSfFr27RMYPWFhQdG7-c_NkG9hRCbJnFoFLoSklEg0hRn2Dmrg9k30LsiWcqNUyBtfsVbKZ93NhsPE
2023-09-15T11:52:19.698Z: Data for table 'ContactDetailsFact' has been posted.
2023-09-15T11:52:19.701Z: Response Data : [object Object]
2023-09-15T11:52:19.889Z: Script finished
2023-09-15T11:53:21.482Z: Script finished
2023-09-15T11:53:21.485Z: Script started
2023-09-15T11:53:21.733Z: BearerToken Created: DEM1x4VBJPxXEOeVAw0Ea7NCR_PZ2AfxeVPCnv3toJXFhY-xJ0nkL6KyGo-cI1bYK7T4jgVevYhI_vAdJywr_OIYTpOttP-DHdsJOLeXhHEDzuKyHcHX1cn1t6T4aSh55Ht_CSr3w1Q4dwG9WoNl5vSdEaFVApWeCha2x4cTA_O4v7tIpfaguEy-j4ihviQpRUa0vKFaRC-JTWfOOpGeuPdA092EQ3rUP0efoopZY6CQuBY5enyBYxxPC3O6uupYEBzmUs8KEYEdXGOLw-Q54b2XxuzhC_hLQCWbZxNa1gbbNasKYVartCaUtdv6grHjYAIKYi35zcb8VdHw-6HsW42B__I
2023-09-15T11:53:21.858Z: Data for table 'ContactDetailsFact' has been posted.
2023-09-15T11:53:21.861Z: Response Data : [object Object]
2023-09-15T11:53:23.249Z: API response does not contain valid data.
2023-09-15T11:53:23.251Z: Data from all API endpoints has been saved to the database.
2023-09-15T11:53:23.251Z: Script finished
2023-09-15T11:53:32.196Z: Script finished
2023-09-15T11:53:32.199Z: Script started
2023-09-15T11:53:32.333Z: BearerToken Created: ONHwrAtV0SJSl-pGpnW_4wDJklXsXOmyaAW_wTnOcYVXGxGTWLVuy_iLyQtJh-3QV2olOTiehg6hrt4BGX3JM2JtWBfQ1WrG2k1O4VyC2rX1pHCR5CnF6YiI8BYLX4MGqb7KT4rkyULjiEIkIkkwGMJZLyIwP6pv5KpvCS3TTxB-JXCkUvLr3bXpKbbW6dbPYgLc1XNpA1WrXNgiqFVh-UyT6UtXafasMGXeMOEMVKa9rmgq4PQppqW7Q5a1_ExfzbtneYepnUIDDGAIFwK-11k1pelI8RMTWyGtfygFa44cwmmtkSg1n_3jc9htHpRj9ETqX4eyhGytsN4Yh9WnrmIpTZs
2023-09-15T11:53:32.394Z: Data for table 'ContactDetailsFact' has been posted.
2023-09-15T11:53:32.397Z: Response Data : [object Object]
2023-09-15T11:53:32.823Z: API response does not contain valid data.
2023-09-15T11:53:32.824Z: Data from all API endpoints has been saved to the database.
2023-09-15T11:53:32.824Z: Script finished
